<?xml version="1.0" encoding="UTF-8"?>
<testng-results skipped="0" failed="0" ignored="0" total="1" passed="1">
  <reporter-output>
  </reporter-output>
  <suite name="Default suite" duration-ms="29742" started-at="2020-02-25T13:54:46Z" finished-at="2020-02-25T13:55:15Z">
    <groups>
    </groups>
    <test name="Default test" duration-ms="29742" started-at="2020-02-25T13:54:46Z" finished-at="2020-02-25T13:55:15Z">
      <class name="Test.Test1">
        <test-method status="PASS" signature="Testas()[pri:0, instance:Test.Test1@6767c1fc]" name="Testas" duration-ms="29709" started-at="2020-02-25T13:54:46Z" finished-at="2020-02-25T13:55:15Z">
          <reporter-output>
          </reporter-output>
        </test-method> <!-- Testas -->
      </class> <!-- Test.Test1 -->
    </test> <!-- Default test -->
  </suite> <!-- Default suite -->
</testng-results>
